  DataProcess.cpp
D:\Program Files\opencv3_1\opencv\build\include\opencv2/core/mat.hpp(1965): warning C4819: 该文件包含不能在当前代码页(936)中表示的字符。请将该文件保存为 Unicode 格式以防止数据丢失
D:\Program Files\opencv3_1\opencv\build\include\opencv2/core/persistence.hpp : warning C4819: 该文件包含不能在当前代码页(936)中表示的字符。请将该文件保存为 Unicode 格式以防止数据丢失
D:\Program Files\opencv3_1\opencv\build\include\opencv2/core/utility.hpp : warning C4819: 该文件包含不能在当前代码页(936)中表示的字符。请将该文件保存为 Unicode 格式以防止数据丢失
DataProcess.cpp(2): warning C4103: 包括标题后更改了对齐方式，可能是由于缺少 #pragma pack(pop)
  dllFun.cpp
D:\Program Files\opencv3_1\opencv\build\include\opencv2/core/mat.hpp(1965): warning C4819: 该文件包含不能在当前代码页(936)中表示的字符。请将该文件保存为 Unicode 格式以防止数据丢失
D:\Program Files\opencv3_1\opencv\build\include\opencv2/core/persistence.hpp : warning C4819: 该文件包含不能在当前代码页(936)中表示的字符。请将该文件保存为 Unicode 格式以防止数据丢失
D:\Program Files\opencv3_1\opencv\build\include\opencv2/core/utility.hpp : warning C4819: 该文件包含不能在当前代码页(936)中表示的字符。请将该文件保存为 Unicode 格式以防止数据丢失
dllFun.cpp(3): warning C4103: 包括标题后更改了对齐方式，可能是由于缺少 #pragma pack(pop)
  dllMain.cpp
  Thick.cpp
D:\Program Files\opencv3_1\opencv\build\include\opencv2/core/mat.hpp(1965): warning C4819: 该文件包含不能在当前代码页(936)中表示的字符。请将该文件保存为 Unicode 格式以防止数据丢失
D:\Program Files\opencv3_1\opencv\build\include\opencv2/core/persistence.hpp : warning C4819: 该文件包含不能在当前代码页(936)中表示的字符。请将该文件保存为 Unicode 格式以防止数据丢失
D:\Program Files\opencv3_1\opencv\build\include\opencv2/core/utility.hpp : warning C4819: 该文件包含不能在当前代码页(936)中表示的字符。请将该文件保存为 Unicode 格式以防止数据丢失
Thick.cpp(78): warning C4244: “参数”: 从“double”转换到“int”，可能丢失数据
Thick.cpp(236): warning C4244: “=”: 从“double”转换到“int”，可能丢失数据
    正在创建库 E:\测厚_2019\测厚仪代码封装\GetWeightDll2\x64\Release\GetWeightDll2.lib 和对象 E:\测厚_2019\测厚仪代码封装\GetWeightDll2\x64\Release\GetWeightDll2.exp
  正在生成代码
  All 1418 functions were compiled because no usable IPDB/IOBJ from previous compilation was found.
  已完成代码的生成
  GetWeightDll2.vcxproj -> E:\测厚_2019\测厚仪代码封装\GetWeightDll2\x64\Release\GetWeightDll2.dll
  GetWeightDll2.vcxproj -> E:\测厚_2019\测厚仪代码封装\GetWeightDll2\x64\Release\GetWeightDll2.pdb (Full PDB)
